ERROR - 2025-03-16 13:46:37 --> mysqli_sql_exception: Table 'ci_umkm_kelayakan.umkmkelayakan' doesn't exist in C:\laragon\www\umkm-kelayakan\system\Database\MySQLi\Connection.php:327
Stack trace:
#0 C:\laragon\www\umkm-kelayakan\system\Database\MySQLi\Connection.php(327): mysqli->query('INSERT INTO `Um...', 0)
#1 C:\laragon\www\umkm-kelayakan\system\Database\BaseConnection.php(738): CodeIgniter\Database\MySQLi\Connection->execute('INSERT INTO `Um...')
#2 C:\laragon\www\umkm-kelayakan\system\Database\BaseConnection.php(652): CodeIgniter\Database\BaseConnection->simpleQuery('INSERT INTO `Um...')
#3 C:\laragon\www\umkm-kelayakan\system\Database\BaseBuilder.php(2345): CodeIgniter\Database\BaseConnection->query('INSERT INTO `Um...', Array, false)
#4 C:\laragon\www\umkm-kelayakan\system\Model.php(394): CodeIgniter\Database\BaseBuilder->insert()
#5 C:\laragon\www\umkm-kelayakan\system\BaseModel.php(839): CodeIgniter\Model->doInsert(Array)
#6 C:\laragon\www\umkm-kelayakan\system\Model.php(800): CodeIgniter\BaseModel->insert(Array, true)
#7 C:\laragon\www\umkm-kelayakan\app\Controllers\FormUMKMController.php(155): CodeIgniter\Model->insert(Array)
#8 C:\laragon\www\umkm-kelayakan\system\CodeIgniter.php(933): App\Controllers\FormUMKMController->submit()
#9 C:\laragon\www\umkm-kelayakan\system\CodeIgniter.php(507): CodeIgniter\CodeIgniter->runController(Object(App\Controllers\FormUMKMController))
#10 C:\laragon\www\umkm-kelayakan\system\CodeIgniter.php(354): CodeIgniter\CodeIgniter->handleRequest(NULL, Object(Config\Cache), false)
#11 C:\laragon\www\umkm-kelayakan\system\Boot.php(334): CodeIgniter\CodeIgniter->run()
#12 C:\laragon\www\umkm-kelayakan\system\Boot.php(67): CodeIgniter\Boot::runCodeIgniter(Object(CodeIgniter\CodeIgniter))
#13 C:\laragon\www\umkm-kelayakan\public\index.php(56): CodeIgniter\Boot::bootWeb(Object(Config\Paths))
#14 C:\laragon\www\umkm-kelayakan\system\rewrite.php(44): require_once('C:\\laragon\\www\\...')
#15 {main}
CRITICAL - 2025-03-16 13:46:37 --> CodeIgniter\Database\Exceptions\DatabaseException: Table 'ci_umkm_kelayakan.umkmkelayakan' doesn't exist
[Method: POST, Route: form-umkm/submit]
in SYSTEMPATH\Database\BaseConnection.php on line 692.
 1 SYSTEMPATH\Database\BaseBuilder.php(2345): CodeIgniter\Database\BaseConnection->query('INSERT INTO `UmkmKelayakan` (`pendapatan`, `jumlah_karyawan`, `modal_awal`, `legalitas`, `lama_berdiri`, `jenis_usaha`, `lokasi_usaha`, `omzet_tahunan`, `skala_usaha`, `koperasi`, `npwp`, `sertifikasi`, `akses_perbankan`, `kredit_umkm`, `teknologi`, `marketplace`, `created_at`, `updated_at`) VALUES (:pendapatan:, :jumlah_karyawan:, :modal_awal:, :legalitas:, :lama_berdiri:, :jenis_usaha:, :lokasi_usaha:, :omzet_tahunan:, :skala_usaha:, :koperasi:, :npwp:, :sertifikasi:, :akses_perbankan:, :kredit_umkm:, :teknologi:, :marketplace:, :created_at:, :updated_at:)', [...], false)
 2 SYSTEMPATH\Model.php(394): CodeIgniter\Database\BaseBuilder->insert()
 3 SYSTEMPATH\BaseModel.php(839): CodeIgniter\Model->doInsert([...])
 4 SYSTEMPATH\Model.php(800): CodeIgniter\BaseModel->insert([...], true)
 5 APPPATH\Controllers\FormUMKMController.php(155): CodeIgniter\Model->insert([...])
 6 SYSTEMPATH\CodeIgniter.php(933): App\Controllers\FormUMKMController->submit()
 7 SYSTEMPATH\CodeIgniter.php(507): CodeIgniter\CodeIgniter->runController(Object(App\Controllers\FormUMKMController))
 8 SYSTEMPATH\CodeIgniter.php(354): CodeIgniter\CodeIgniter->handleRequest(null, Object(Config\Cache), false)
 9 SYSTEMPATH\Boot.php(334): CodeIgniter\CodeIgniter->run()
10 SYSTEMPATH\Boot.php(67): CodeIgniter\Boot::runCodeIgniter(Object(CodeIgniter\CodeIgniter))
11 FCPATH\index.php(56): CodeIgniter\Boot::bootWeb(Object(Config\Paths))
12 SYSTEMPATH\rewrite.php(44): require_once('C:\\laragon\\www\\umkm-kelayakan\\public\\index.php')
CRITICAL - 2025-03-16 13:46:37 --> [Caused by] CodeIgniter\Database\Exceptions\DatabaseException: Table 'ci_umkm_kelayakan.umkmkelayakan' doesn't exist
in SYSTEMPATH\Database\MySQLi\Connection.php on line 332.
 1 SYSTEMPATH\Database\BaseConnection.php(738): CodeIgniter\Database\MySQLi\Connection->execute('INSERT INTO `UmkmKelayakan` (`pendapatan`, `jumlah_karyawan`, `modal_awal`, `legalitas`, `lama_berdiri`, `jenis_usaha`, `lokasi_usaha`, `omzet_tahunan`, `skala_usaha`, `koperasi`, `npwp`, `sertifikasi`, `akses_perbankan`, `kredit_umkm`, `teknologi`, `marketplace`, `created_at`, `updated_at`) VALUES (2, 1, 1, 1, 1, 3, 1, 3, 1, 1, 1, 1, 1, 1, 1, 1, \'2025-03-16 13:46:37\', \'2025-03-16 13:46:37\')')
 2 SYSTEMPATH\Database\BaseConnection.php(652): CodeIgniter\Database\BaseConnection->simpleQuery('INSERT INTO `UmkmKelayakan` (`pendapatan`, `jumlah_karyawan`, `modal_awal`, `legalitas`, `lama_berdiri`, `jenis_usaha`, `lokasi_usaha`, `omzet_tahunan`, `skala_usaha`, `koperasi`, `npwp`, `sertifikasi`, `akses_perbankan`, `kredit_umkm`, `teknologi`, `marketplace`, `created_at`, `updated_at`) VALUES (2, 1, 1, 1, 1, 3, 1, 3, 1, 1, 1, 1, 1, 1, 1, 1, \'2025-03-16 13:46:37\', \'2025-03-16 13:46:37\')')
 3 SYSTEMPATH\Database\BaseBuilder.php(2345): CodeIgniter\Database\BaseConnection->query('INSERT INTO `UmkmKelayakan` (`pendapatan`, `jumlah_karyawan`, `modal_awal`, `legalitas`, `lama_berdiri`, `jenis_usaha`, `lokasi_usaha`, `omzet_tahunan`, `skala_usaha`, `koperasi`, `npwp`, `sertifikasi`, `akses_perbankan`, `kredit_umkm`, `teknologi`, `marketplace`, `created_at`, `updated_at`) VALUES (:pendapatan:, :jumlah_karyawan:, :modal_awal:, :legalitas:, :lama_berdiri:, :jenis_usaha:, :lokasi_usaha:, :omzet_tahunan:, :skala_usaha:, :koperasi:, :npwp:, :sertifikasi:, :akses_perbankan:, :kredit_umkm:, :teknologi:, :marketplace:, :created_at:, :updated_at:)', [...], false)
 4 SYSTEMPATH\Model.php(394): CodeIgniter\Database\BaseBuilder->insert()
 5 SYSTEMPATH\BaseModel.php(839): CodeIgniter\Model->doInsert([...])
 6 SYSTEMPATH\Model.php(800): CodeIgniter\BaseModel->insert([...], true)
 7 APPPATH\Controllers\FormUMKMController.php(155): CodeIgniter\Model->insert([...])
 8 SYSTEMPATH\CodeIgniter.php(933): App\Controllers\FormUMKMController->submit()
 9 SYSTEMPATH\CodeIgniter.php(507): CodeIgniter\CodeIgniter->runController(Object(App\Controllers\FormUMKMController))
10 SYSTEMPATH\CodeIgniter.php(354): CodeIgniter\CodeIgniter->handleRequest(null, Object(Config\Cache), false)
11 SYSTEMPATH\Boot.php(334): CodeIgniter\CodeIgniter->run()
12 SYSTEMPATH\Boot.php(67): CodeIgniter\Boot::runCodeIgniter(Object(CodeIgniter\CodeIgniter))
13 FCPATH\index.php(56): CodeIgniter\Boot::bootWeb(Object(Config\Paths))
14 SYSTEMPATH\rewrite.php(44): require_once('C:\\laragon\\www\\umkm-kelayakan\\public\\index.php')
CRITICAL - 2025-03-16 13:46:37 --> [Caused by] mysqli_sql_exception: Table 'ci_umkm_kelayakan.umkmkelayakan' doesn't exist
in SYSTEMPATH\Database\MySQLi\Connection.php on line 327.
 1 SYSTEMPATH\Database\MySQLi\Connection.php(327): mysqli->query('INSERT INTO `UmkmKelayakan` (`pendapatan`, `jumlah_karyawan`, `modal_awal`, `legalitas`, `lama_berdiri`, `jenis_usaha`, `lokasi_usaha`, `omzet_tahunan`, `skala_usaha`, `koperasi`, `npwp`, `sertifikasi`, `akses_perbankan`, `kredit_umkm`, `teknologi`, `marketplace`, `created_at`, `updated_at`) VALUES (2, 1, 1, 1, 1, 3, 1, 3, 1, 1, 1, 1, 1, 1, 1, 1, \'2025-03-16 13:46:37\', \'2025-03-16 13:46:37\')', 0)
 2 SYSTEMPATH\Database\BaseConnection.php(738): CodeIgniter\Database\MySQLi\Connection->execute('INSERT INTO `UmkmKelayakan` (`pendapatan`, `jumlah_karyawan`, `modal_awal`, `legalitas`, `lama_berdiri`, `jenis_usaha`, `lokasi_usaha`, `omzet_tahunan`, `skala_usaha`, `koperasi`, `npwp`, `sertifikasi`, `akses_perbankan`, `kredit_umkm`, `teknologi`, `marketplace`, `created_at`, `updated_at`) VALUES (2, 1, 1, 1, 1, 3, 1, 3, 1, 1, 1, 1, 1, 1, 1, 1, \'2025-03-16 13:46:37\', \'2025-03-16 13:46:37\')')
 3 SYSTEMPATH\Database\BaseConnection.php(652): CodeIgniter\Database\BaseConnection->simpleQuery('INSERT INTO `UmkmKelayakan` (`pendapatan`, `jumlah_karyawan`, `modal_awal`, `legalitas`, `lama_berdiri`, `jenis_usaha`, `lokasi_usaha`, `omzet_tahunan`, `skala_usaha`, `koperasi`, `npwp`, `sertifikasi`, `akses_perbankan`, `kredit_umkm`, `teknologi`, `marketplace`, `created_at`, `updated_at`) VALUES (2, 1, 1, 1, 1, 3, 1, 3, 1, 1, 1, 1, 1, 1, 1, 1, \'2025-03-16 13:46:37\', \'2025-03-16 13:46:37\')')
 4 SYSTEMPATH\Database\BaseBuilder.php(2345): CodeIgniter\Database\BaseConnection->query('INSERT INTO `UmkmKelayakan` (`pendapatan`, `jumlah_karyawan`, `modal_awal`, `legalitas`, `lama_berdiri`, `jenis_usaha`, `lokasi_usaha`, `omzet_tahunan`, `skala_usaha`, `koperasi`, `npwp`, `sertifikasi`, `akses_perbankan`, `kredit_umkm`, `teknologi`, `marketplace`, `created_at`, `updated_at`) VALUES (:pendapatan:, :jumlah_karyawan:, :modal_awal:, :legalitas:, :lama_berdiri:, :jenis_usaha:, :lokasi_usaha:, :omzet_tahunan:, :skala_usaha:, :koperasi:, :npwp:, :sertifikasi:, :akses_perbankan:, :kredit_umkm:, :teknologi:, :marketplace:, :created_at:, :updated_at:)', [...], false)
 5 SYSTEMPATH\Model.php(394): CodeIgniter\Database\BaseBuilder->insert()
 6 SYSTEMPATH\BaseModel.php(839): CodeIgniter\Model->doInsert([...])
 7 SYSTEMPATH\Model.php(800): CodeIgniter\BaseModel->insert([...], true)
 8 APPPATH\Controllers\FormUMKMController.php(155): CodeIgniter\Model->insert([...])
 9 SYSTEMPATH\CodeIgniter.php(933): App\Controllers\FormUMKMController->submit()
10 SYSTEMPATH\CodeIgniter.php(507): CodeIgniter\CodeIgniter->runController(Object(App\Controllers\FormUMKMController))
11 SYSTEMPATH\CodeIgniter.php(354): CodeIgniter\CodeIgniter->handleRequest(null, Object(Config\Cache), false)
12 SYSTEMPATH\Boot.php(334): CodeIgniter\CodeIgniter->run()
13 SYSTEMPATH\Boot.php(67): CodeIgniter\Boot::runCodeIgniter(Object(CodeIgniter\CodeIgniter))
14 FCPATH\index.php(56): CodeIgniter\Boot::bootWeb(Object(Config\Paths))
15 SYSTEMPATH\rewrite.php(44): require_once('C:\\laragon\\www\\umkm-kelayakan\\public\\index.php')
CRITICAL - 2025-03-16 14:07:30 --> ErrorException: Undefined variable $umkmPrediksiModel
[Method: POST, Route: form-umkm/submit]
in APPPATH\Controllers\FormUMKMController.php on line 163.
 1 APPPATH\Controllers\FormUMKMController.php(163): CodeIgniter\Debug\Exceptions->errorHandler(2, 'Undefined variable $umkmPrediksiModel', 'C:\\laragon\\www\\umkm-kelayakan\\app\\Controllers\\FormUMKMController.php', 163)
 2 SYSTEMPATH\CodeIgniter.php(933): App\Controllers\FormUMKMController->submit()
 3 SYSTEMPATH\CodeIgniter.php(507): CodeIgniter\CodeIgniter->runController(Object(App\Controllers\FormUMKMController))
 4 SYSTEMPATH\CodeIgniter.php(354): CodeIgniter\CodeIgniter->handleRequest(null, Object(Config\Cache), false)
 5 SYSTEMPATH\Boot.php(334): CodeIgniter\CodeIgniter->run()
 6 SYSTEMPATH\Boot.php(67): CodeIgniter\Boot::runCodeIgniter(Object(CodeIgniter\CodeIgniter))
 7 FCPATH\index.php(56): CodeIgniter\Boot::bootWeb(Object(Config\Paths))
 8 SYSTEMPATH\rewrite.php(44): require_once('C:\\laragon\\www\\umkm-kelayakan\\public\\index.php')
CRITICAL - 2025-03-16 14:10:48 --> ErrorException: Undefined variable $umkmPrediksiModel
[Method: POST, Route: form-umkm/submit]
in APPPATH\Controllers\FormUMKMController.php on line 163.
 1 APPPATH\Controllers\FormUMKMController.php(163): CodeIgniter\Debug\Exceptions->errorHandler(2, 'Undefined variable $umkmPrediksiModel', 'C:\\laragon\\www\\umkm-kelayakan\\app\\Controllers\\FormUMKMController.php', 163)
 2 SYSTEMPATH\CodeIgniter.php(933): App\Controllers\FormUMKMController->submit()
 3 SYSTEMPATH\CodeIgniter.php(507): CodeIgniter\CodeIgniter->runController(Object(App\Controllers\FormUMKMController))
 4 SYSTEMPATH\CodeIgniter.php(354): CodeIgniter\CodeIgniter->handleRequest(null, Object(Config\Cache), false)
 5 SYSTEMPATH\Boot.php(334): CodeIgniter\CodeIgniter->run()
 6 SYSTEMPATH\Boot.php(67): CodeIgniter\Boot::runCodeIgniter(Object(CodeIgniter\CodeIgniter))
 7 FCPATH\index.php(56): CodeIgniter\Boot::bootWeb(Object(Config\Paths))
 8 SYSTEMPATH\rewrite.php(44): require_once('C:\\laragon\\www\\umkm-kelayakan\\public\\index.php')
CRITICAL - 2025-03-16 14:13:35 --> ErrorException: Undefined variable $umkmPrediksiModel
[Method: POST, Route: form-umkm/submit]
in APPPATH\Controllers\FormUMKMController.php on line 163.
 1 APPPATH\Controllers\FormUMKMController.php(163): CodeIgniter\Debug\Exceptions->errorHandler(2, 'Undefined variable $umkmPrediksiModel', 'C:\\laragon\\www\\umkm-kelayakan\\app\\Controllers\\FormUMKMController.php', 163)
 2 SYSTEMPATH\CodeIgniter.php(933): App\Controllers\FormUMKMController->submit()
 3 SYSTEMPATH\CodeIgniter.php(507): CodeIgniter\CodeIgniter->runController(Object(App\Controllers\FormUMKMController))
 4 SYSTEMPATH\CodeIgniter.php(354): CodeIgniter\CodeIgniter->handleRequest(null, Object(Config\Cache), false)
 5 SYSTEMPATH\Boot.php(334): CodeIgniter\CodeIgniter->run()
 6 SYSTEMPATH\Boot.php(67): CodeIgniter\Boot::runCodeIgniter(Object(CodeIgniter\CodeIgniter))
 7 FCPATH\index.php(56): CodeIgniter\Boot::bootWeb(Object(Config\Paths))
 8 SYSTEMPATH\rewrite.php(44): require_once('C:\\laragon\\www\\umkm-kelayakan\\public\\index.php')
CRITICAL - 2025-03-16 14:18:16 --> ErrorException: Undefined variable $umkmPrediksiModel
[Method: POST, Route: form-umkm/submit]
in APPPATH\Controllers\FormUMKMController.php on line 163.
 1 APPPATH\Controllers\FormUMKMController.php(163): CodeIgniter\Debug\Exceptions->errorHandler(2, 'Undefined variable $umkmPrediksiModel', 'C:\\laragon\\www\\umkm-kelayakan\\app\\Controllers\\FormUMKMController.php', 163)
 2 SYSTEMPATH\CodeIgniter.php(933): App\Controllers\FormUMKMController->submit()
 3 SYSTEMPATH\CodeIgniter.php(507): CodeIgniter\CodeIgniter->runController(Object(App\Controllers\FormUMKMController))
 4 SYSTEMPATH\CodeIgniter.php(354): CodeIgniter\CodeIgniter->handleRequest(null, Object(Config\Cache), false)
 5 SYSTEMPATH\Boot.php(334): CodeIgniter\CodeIgniter->run()
 6 SYSTEMPATH\Boot.php(67): CodeIgniter\Boot::runCodeIgniter(Object(CodeIgniter\CodeIgniter))
 7 FCPATH\index.php(56): CodeIgniter\Boot::bootWeb(Object(Config\Paths))
 8 SYSTEMPATH\rewrite.php(44): require_once('C:\\laragon\\www\\umkm-kelayakan\\public\\index.php')
CRITICAL - 2025-03-16 14:18:39 --> ErrorException: Undefined variable $umkmPrediksiModel
[Method: POST, Route: form-umkm/submit]
in APPPATH\Controllers\FormUMKMController.php on line 163.
 1 APPPATH\Controllers\FormUMKMController.php(163): CodeIgniter\Debug\Exceptions->errorHandler(2, 'Undefined variable $umkmPrediksiModel', 'C:\\laragon\\www\\umkm-kelayakan\\app\\Controllers\\FormUMKMController.php', 163)
 2 SYSTEMPATH\CodeIgniter.php(933): App\Controllers\FormUMKMController->submit()
 3 SYSTEMPATH\CodeIgniter.php(507): CodeIgniter\CodeIgniter->runController(Object(App\Controllers\FormUMKMController))
 4 SYSTEMPATH\CodeIgniter.php(354): CodeIgniter\CodeIgniter->handleRequest(null, Object(Config\Cache), false)
 5 SYSTEMPATH\Boot.php(334): CodeIgniter\CodeIgniter->run()
 6 SYSTEMPATH\Boot.php(67): CodeIgniter\Boot::runCodeIgniter(Object(CodeIgniter\CodeIgniter))
 7 FCPATH\index.php(56): CodeIgniter\Boot::bootWeb(Object(Config\Paths))
 8 SYSTEMPATH\rewrite.php(44): require_once('C:\\laragon\\www\\umkm-kelayakan\\public\\index.php')
CRITICAL - 2025-03-16 14:19:20 --> ErrorException: Undefined variable $umkmPrediksiModel
[Method: POST, Route: form-umkm/submit]
in APPPATH\Controllers\FormUMKMController.php on line 163.
 1 APPPATH\Controllers\FormUMKMController.php(163): CodeIgniter\Debug\Exceptions->errorHandler(2, 'Undefined variable $umkmPrediksiModel', 'C:\\laragon\\www\\umkm-kelayakan\\app\\Controllers\\FormUMKMController.php', 163)
 2 SYSTEMPATH\CodeIgniter.php(933): App\Controllers\FormUMKMController->submit()
 3 SYSTEMPATH\CodeIgniter.php(507): CodeIgniter\CodeIgniter->runController(Object(App\Controllers\FormUMKMController))
 4 SYSTEMPATH\CodeIgniter.php(354): CodeIgniter\CodeIgniter->handleRequest(null, Object(Config\Cache), false)
 5 SYSTEMPATH\Boot.php(334): CodeIgniter\CodeIgniter->run()
 6 SYSTEMPATH\Boot.php(67): CodeIgniter\Boot::runCodeIgniter(Object(CodeIgniter\CodeIgniter))
 7 FCPATH\index.php(56): CodeIgniter\Boot::bootWeb(Object(Config\Paths))
 8 SYSTEMPATH\rewrite.php(44): require_once('C:\\laragon\\www\\umkm-kelayakan\\public\\index.php')
CRITICAL - 2025-03-16 14:19:56 --> ErrorException: Undefined variable $umkmPrediksiModel
[Method: POST, Route: form-umkm/submit]
in APPPATH\Controllers\FormUMKMController.php on line 163.
 1 APPPATH\Controllers\FormUMKMController.php(163): CodeIgniter\Debug\Exceptions->errorHandler(2, 'Undefined variable $umkmPrediksiModel', 'C:\\laragon\\www\\umkm-kelayakan\\app\\Controllers\\FormUMKMController.php', 163)
 2 SYSTEMPATH\CodeIgniter.php(933): App\Controllers\FormUMKMController->submit()
 3 SYSTEMPATH\CodeIgniter.php(507): CodeIgniter\CodeIgniter->runController(Object(App\Controllers\FormUMKMController))
 4 SYSTEMPATH\CodeIgniter.php(354): CodeIgniter\CodeIgniter->handleRequest(null, Object(Config\Cache), false)
 5 SYSTEMPATH\Boot.php(334): CodeIgniter\CodeIgniter->run()
 6 SYSTEMPATH\Boot.php(67): CodeIgniter\Boot::runCodeIgniter(Object(CodeIgniter\CodeIgniter))
 7 FCPATH\index.php(56): CodeIgniter\Boot::bootWeb(Object(Config\Paths))
 8 SYSTEMPATH\rewrite.php(44): require_once('C:\\laragon\\www\\umkm-kelayakan\\public\\index.php')
